Using pre-set license
Built from '2020.3/staging' branch; Version is '2020.3.19f1 (68f137dc9bbe) revision 6877495'; Using compiler version '192528614'; Build Type 'Release'
OS: 'Windows 10 Home Single Language; OS build 19042.1237; Version 2009; 64bit' Language: 'en' Physical Memory: 8078 MB
BatchMode: 1, IsHumanControllingUs: 0, StartBugReporterOnCrash: 0, Is64bit: 1, IsPro: 0

COMMAND LINE ARGUMENTS:
C:\Program Files\Unity\Hub\Editor\2020.3.19f1\Editor\Unity.exe
-adb2
-batchMode
-noUpm
-name
AssetImportWorker0
-projectPath
C:/Users/91944/VR Experince
-logFile
Logs/AssetImportWorker0.log
-srvPort
49319
Successfully changed project path to: C:/Users/91944/VR Experince
C:/Users/91944/VR Experince
Using Asset Import Pipeline V2.
Refreshing native plugins compatible for Editor in 164.41 ms, found 6 plugins.
Preloading 1 native plugins for Editor in 2.73 ms.
Initialize engine version: 2020.3.19f1 (68f137dc9bbe)
[Subsystems] Discovering subsystems at path C:/Program Files/Unity/Hub/Editor/2020.3.19f1/Editor/Data/Resources/UnitySubsystems
[Subsystems] Discovering subsystems at path C:/Users/91944/VR Experince/Assets
GfxDevice: creating device client; threaded=0
Direct3D:
    Version:  Direct3D 11.0 [level 11.1]
    Renderer: Intel(R) UHD Graphics 620 (ID=0x3ea0)
    Vendor:   
    VRAM:     4039 MB
    Driver:   27.20.100.8853
Shader 'Oculus/OVRMRCameraFrameLit': fallback shader 'Alpha-Diffuse' not found
Initialize mono
Mono path[0] = 'C:/Program Files/Unity/Hub/Editor/2020.3.19f1/Editor/Data/Managed'
Mono path[1] = 'C:/Program Files/Unity/Hub/Editor/2020.3.19f1/Editor/Data/MonoBleedingEdge/lib/mono/unityjit'
Mono config path = 'C:/Program Files/Unity/Hub/Editor/2020.3.19f1/Editor/Data/MonoBleedingEdge/etc'
Using monoOptions --debugger-agent=transport=dt_socket,embedding=1,server=y,suspend=n,address=127.0.0.1:56192
Begin MonoManager ReloadAssembly
Registering precompiled unity dll's ...
Register platform support module: C:/Program Files/Unity/Hub/Editor/2020.3.19f1/Editor/Data/PlaybackEngines/WebGLSupport/UnityEditor.WebGL.Extensions.dll
Register platform support module: C:/Program Files/Unity/Hub/Editor/2020.3.19f1/Editor/Data/PlaybackEngines/WindowsStandaloneSupport/UnityEditor.WindowsStandalone.Extensions.dll
Registered in 0.005598 seconds.
Native extension for WindowsStandalone target not found
Native extension for WebGL target not found
Refreshing native plugins compatible for Editor in 108.57 ms, found 6 plugins.
Preloading 1 native plugins for Editor in 0.08 ms.
Mono: successfully reloaded assembly
- Completed reload, in  4.506 seconds
Domain Reload Profiling:
	ReloadAssembly (4506ms)
		BeginReloadAssembly (59ms)
			ExecutionOrderSort (0ms)
			DisableScriptedObjects (0ms)
			BackupInstance (0ms)
			ReleaseScriptingObjects (0ms)
			CreateAndSetChildDomain (1ms)
		EndReloadAssembly (521ms)
			LoadAssemblies (56ms)
			RebuildTransferFunctionScriptingTraits (0ms)
			SetupTypeCache (155ms)
			ReleaseScriptCaches (0ms)
			RebuildScriptCaches (34ms)
			SetupLoadedEditorAssemblies (249ms)
				LogAssemblyErrors (0ms)
				InitializePlatformSupportModulesInManaged (5ms)
				SetLoadedEditorAssemblies (0ms)
				RefreshPlugins (109ms)
				BeforeProcessingInitializeOnLoad (19ms)
				ProcessInitializeOnLoadAttributes (87ms)
				ProcessInitializeOnLoadMethodAttributes (29ms)
				AfterProcessingInitializeOnLoad (0ms)
				EditorAssembliesLoaded (0ms)
			ExecutionOrderSort2 (0ms)
			AwakeInstancesAfterBackupRestoration (0ms)
Platform modules already initialized, skipping
Registering precompiled user dll's ...
Registered in 0.016571 seconds.
Begin MonoManager ReloadAssembly
Native extension for WindowsStandalone target not found
Native extension for WebGL target not found
Refreshing native plugins compatible for Editor in 95.45 ms, found 6 plugins.
Preloading 1 native plugins for Editor in 0.06 ms.
[XR] OculusXRPlugin: registering subsystems
[XR] Unable to register display lifecyle provider: [1]
[XR] Oculus Input lifecycle provider registered.
[XR] Unable to register input lifecyle provider: [1]
[XR] OVRP version 1.65.0
Mono: successfully reloaded assembly
- Completed reload, in  1.511 seconds
Domain Reload Profiling:
	ReloadAssembly (1512ms)
		BeginReloadAssembly (162ms)
			ExecutionOrderSort (0ms)
			DisableScriptedObjects (6ms)
			BackupInstance (0ms)
			ReleaseScriptingObjects (0ms)
			CreateAndSetChildDomain (21ms)
		EndReloadAssembly (1269ms)
			LoadAssemblies (174ms)
			RebuildTransferFunctionScriptingTraits (0ms)
			SetupTypeCache (350ms)
			ReleaseScriptCaches (1ms)
			RebuildScriptCaches (61ms)
			SetupLoadedEditorAssemblies (536ms)
				LogAssemblyErrors (0ms)
				InitializePlatformSupportModulesInManaged (5ms)
				SetLoadedEditorAssemblies (0ms)
				RefreshPlugins (96ms)
				BeforeProcessingInitializeOnLoad (119ms)
				ProcessInitializeOnLoadAttributes (292ms)
				ProcessInitializeOnLoadMethodAttributes (17ms)
				AfterProcessingInitializeOnLoad (6ms)
				EditorAssembliesLoaded (0ms)
			ExecutionOrderSort2 (0ms)
			AwakeInstancesAfterBackupRestoration (7ms)
Platform modules already initialized, skipping
========================================================================
Worker process is ready to serve import requests
Shader 'Oculus/OVRMRCameraFrameLit': fallback shader 'Alpha-Diffuse' not found
Launched and connected shader compiler UnityShaderCompiler.exe after 0.06 seconds
Refreshing native plugins compatible for Editor in 2.51 ms, found 6 plugins.
Preloading 1 native plugins for Editor in 0.16 ms.
Unloading 3401 Unused Serialized files (Serialized files now loaded: 0)
System memory in use before: 240.5 MB.
System memory in use after: 240.7 MB.

Unloading 43 unused Assets to reduce memory usage. Loaded Objects now: 3836.
Total: 9.164300 ms (FindLiveObjects: 0.879100 ms CreateObjectMapping: 0.508300 ms MarkObjects: 7.435700 ms  DeleteObjects: 0.338900 ms)

AssetImportParameters requested are different than current active one (requested -> active):
  custom:framework-win-MediaFoundation: 216162199b28c13a410421893ffa2e32 -> 
  custom:video-decoder-ogg-theora: a1e56fd34408186e4bbccfd4996cb3dc -> 
  custom:container-muxer-webm: aa71ff27fc2769a1b78a27578f13a17b -> 
  custom:container-demuxer-webm: 4f35f7cbe854078d1ac9338744f61a02 -> 
  custom:container-demuxer-ogg: 62fdf1f143b41e24485cea50d1cbac27 -> 
  custom:video-encoder-webm-vp8: eb34c28f22e8b96e1ab97ce403110664 -> 
  custom:video-decoder-webm-vp8: 9c59270c3fd7afecdb556c50c9e8de78 -> 
  custom:audio-decoder-ogg-vorbis: bf7c407c2cedff20999df2af8eb42d56 -> 
  custom:audio-encoder-webm-vorbis: bf7c407c2cedff20999df2af8eb42d56 -> 
========================================================================
Received Import Request.
  path: Assets/Oculus/SampleFramework/Usage/Passthrough/Prefabs/Flashlight.prefab
  artifactKey: Guid(d4e3024a78cdcf14a9678e1afa4eede8) Importer(815301076,1909f56bfc062723c751e8b465ee728b)
Start importing Assets/Oculus/SampleFramework/Usage/Passthrough/Prefabs/Flashlight.prefab using Guid(d4e3024a78cdcf14a9678e1afa4eede8) Importer(815301076,1909f56bfc062723c751e8b465ee728b)  -> (artifact id: 'b68f659ac4d39d2dbbfc77f0c5d442e1') in 0.306753 seconds 
  Import took 0.319404 seconds .

========================================================================
Received Import Request.
  Time since last request: 0.000255 seconds.
  path: Assets/Oculus/SampleFramework/Usage/Passthrough/Prefabs/LineSegment.prefab
  artifactKey: Guid(aa578d7f416c7f34bae9343334788be7) Importer(815301076,1909f56bfc062723c751e8b465ee728b)
Start importing Assets/Oculus/SampleFramework/Usage/Passthrough/Prefabs/LineSegment.prefab using Guid(aa578d7f416c7f34bae9343334788be7) Importer(815301076,1909f56bfc062723c751e8b465ee728b)  -> (artifact id: 'd35c55b10bf5d0b3418ee9f5da6e29a0') in 0.056202 seconds 
  Import took 0.069330 seconds .

========================================================================
Received Import Request.
  Time since last request: 0.000368 seconds.
  path: Assets/Oculus/SampleFramework/Usage/Passthrough/Prefabs/InfoPanel.prefab
  artifactKey: Guid(a088380b5cbca784a8ad386fa70c3d15) Importer(815301076,1909f56bfc062723c751e8b465ee728b)
Start importing Assets/Oculus/SampleFramework/Usage/Passthrough/Prefabs/InfoPanel.prefab using Guid(a088380b5cbca784a8ad386fa70c3d15) Importer(815301076,1909f56bfc062723c751e8b465ee728b)  -> (artifact id: 'fe7f92181190dff75ed3713f607b7f19') in 0.027414 seconds 
  Import took 0.048004 seconds .

========================================================================
Received Import Request.
  Time since last request: 0.000565 seconds.
  path: Assets/Anubis/Prefab
  artifactKey: Guid(7b199acf42bfb9048842c6125a1de8a9) Importer(815301076,1909f56bfc062723c751e8b465ee728b)
Start importing Assets/Anubis/Prefab using Guid(7b199acf42bfb9048842c6125a1de8a9) Importer(815301076,1909f56bfc062723c751e8b465ee728b)  -> (artifact id: 'fd6bc0e1ee85d044ab3050dab444574f') in 0.007575 seconds 
  Import took 0.030870 seconds .

========================================================================
Received Import Request.
  Time since last request: 3.057734 seconds.
  path: Assets/Oculus/SampleFramework/Core/DistanceGrab/Mesh/9bf5ea2424f3e05cc58511e21067d6c4.jpg
  artifactKey: Guid(f2c89ed5a7c0409459ce67582b9c6a9a) Importer(815301076,1909f56bfc062723c751e8b465ee728b)
Start importing Assets/Oculus/SampleFramework/Core/DistanceGrab/Mesh/9bf5ea2424f3e05cc58511e21067d6c4.jpg using Guid(f2c89ed5a7c0409459ce67582b9c6a9a) Importer(815301076,1909f56bfc062723c751e8b465ee728b)  -> (artifact id: '792761c28c427a8787b7263fd2ea6fed') in 0.048705 seconds 
  Import took 0.057843 seconds .

========================================================================
Received Import Request.
  Time since last request: 0.000292 seconds.
  path: Assets/Oculus/SampleFramework/Core/DistanceGrab/Mesh/GrabConeVolume.asset
  artifactKey: Guid(fcd019dc7c1f92140963033f1669ec2f) Importer(815301076,1909f56bfc062723c751e8b465ee728b)
Start importing Assets/Oculus/SampleFramework/Core/DistanceGrab/Mesh/GrabConeVolume.asset using Guid(fcd019dc7c1f92140963033f1669ec2f) Importer(815301076,1909f56bfc062723c751e8b465ee728b)  -> (artifact id: 'ab1d19d2c98569233166f2b2bf86e016') in 0.058678 seconds 
  Import took 0.069464 seconds .

========================================================================
Received Import Request.
  Time since last request: 0.000313 seconds.
  path: Assets/Oculus/SampleFramework/Core/DistanceGrab/Mesh/photo-1517196084897-498e0abd7c2d.jpg
  artifactKey: Guid(0cb3afb8f9ac32a43bcfe611886c3eb3) Importer(815301076,1909f56bfc062723c751e8b465ee728b)
Start importing Assets/Oculus/SampleFramework/Core/DistanceGrab/Mesh/photo-1517196084897-498e0abd7c2d.jpg using Guid(0cb3afb8f9ac32a43bcfe611886c3eb3) Importer(815301076,1909f56bfc062723c751e8b465ee728b)  -> (artifact id: 'cdef4a2be722b0eb7b5b73650387f7c1') in 0.060495 seconds 
  Import took 0.068274 seconds .

========================================================================
Received Prepare
Shader 'Oculus/OVRMRCameraFrameLit': fallback shader 'Alpha-Diffuse' not found
Refreshing native plugins compatible for Editor in 11.65 ms, found 6 plugins.
Preloading 1 native plugins for Editor in 0.08 ms.
Unloading 35 Unused Serialized files (Serialized files now loaded: 0)
System memory in use before: 167.9 MB.
System memory in use after: 168.2 MB.

Unloading 37 unused Assets to reduce memory usage. Loaded Objects now: 3853.
Total: 8.955000 ms (FindLiveObjects: 0.414500 ms CreateObjectMapping: 0.254400 ms MarkObjects: 8.205300 ms  DeleteObjects: 0.078800 ms)

AssetImportParameters requested are different than current active one (requested -> active):
  custom:framework-win-MediaFoundation: 216162199b28c13a410421893ffa2e32 -> 
  custom:video-decoder-ogg-theora: a1e56fd34408186e4bbccfd4996cb3dc -> 
  custom:container-muxer-webm: aa71ff27fc2769a1b78a27578f13a17b -> 
  custom:container-demuxer-webm: 4f35f7cbe854078d1ac9338744f61a02 -> 
  custom:container-demuxer-ogg: 62fdf1f143b41e24485cea50d1cbac27 -> 
  custom:video-encoder-webm-vp8: eb34c28f22e8b96e1ab97ce403110664 -> 
  custom:video-decoder-webm-vp8: 9c59270c3fd7afecdb556c50c9e8de78 -> 
  custom:audio-decoder-ogg-vorbis: bf7c407c2cedff20999df2af8eb42d56 -> 
  custom:audio-encoder-webm-vorbis: bf7c407c2cedff20999df2af8eb42d56 -> 
========================================================================
Received Prepare
Shader 'Oculus/OVRMRCameraFrameLit': fallback shader 'Alpha-Diffuse' not found
Refreshing native plugins compatible for Editor in 24.19 ms, found 6 plugins.
Preloading 1 native plugins for Editor in 0.10 ms.
Unloading 35 Unused Serialized files (Serialized files now loaded: 0)
System memory in use before: 167.9 MB.
System memory in use after: 168.2 MB.

Unloading 35 unused Assets to reduce memory usage. Loaded Objects now: 3853.
Total: 16.949700 ms (FindLiveObjects: 1.066400 ms CreateObjectMapping: 0.331500 ms MarkObjects: 15.515600 ms  DeleteObjects: 0.032400 ms)

AssetImportParameters requested are different than current active one (requested -> active):
  custom:framework-win-MediaFoundation: 216162199b28c13a410421893ffa2e32 -> 
  custom:video-decoder-ogg-theora: a1e56fd34408186e4bbccfd4996cb3dc -> 
  custom:container-muxer-webm: aa71ff27fc2769a1b78a27578f13a17b -> 
  custom:container-demuxer-webm: 4f35f7cbe854078d1ac9338744f61a02 -> 
  custom:container-demuxer-ogg: 62fdf1f143b41e24485cea50d1cbac27 -> 
  custom:video-encoder-webm-vp8: eb34c28f22e8b96e1ab97ce403110664 -> 
  custom:video-decoder-webm-vp8: 9c59270c3fd7afecdb556c50c9e8de78 -> 
  custom:audio-decoder-ogg-vorbis: bf7c407c2cedff20999df2af8eb42d56 -> 
  custom:audio-encoder-webm-vorbis: bf7c407c2cedff20999df2af8eb42d56 -> 
========================================================================
Received Import Request.
  Time since last request: 5242.712492 seconds.
  path: Assets/BGM.mp3
  artifactKey: Guid(6c07b5531b287894daccd84c38a97dca) Importer(815301076,1909f56bfc062723c751e8b465ee728b)
Start importing Assets/BGM.mp3 using Guid(6c07b5531b287894daccd84c38a97dca) Importer(815301076,1909f56bfc062723c751e8b465ee728b)  -> (artifact id: '8d9fbb540c692b1f66829a15eeab3999') in 2.875723 seconds 
  Import took 4.136029 seconds .

========================================================================
Received Import Request.
  Time since last request: 155.681508 seconds.
  path: Assets/Fortress/Prefabs/Building01.prefab
  artifactKey: Guid(fbe163a209898d94a801a6e3da952269) Importer(815301076,1909f56bfc062723c751e8b465ee728b)
Start importing Assets/Fortress/Prefabs/Building01.prefab using Guid(fbe163a209898d94a801a6e3da952269) Importer(815301076,1909f56bfc062723c751e8b465ee728b)  -> (artifact id: 'f64b103731d352160ba2659768dc6b94') in 1.569650 seconds 
  Import took 1.602659 seconds .

========================================================================
Received Import Request.
  Time since last request: 0.000903 seconds.
  path: Assets/Fortress/Prefabs/Fence01.prefab
  artifactKey: Guid(b562af96db03a8547b2a2b0e9bdb283b) Importer(815301076,1909f56bfc062723c751e8b465ee728b)
Start importing Assets/Fortress/Prefabs/Fence01.prefab using Guid(b562af96db03a8547b2a2b0e9bdb283b) Importer(815301076,1909f56bfc062723c751e8b465ee728b)  -> (artifact id: '432a1ba08a30b3cba2a35827b27a3985') in 0.423598 seconds 
  Import took 0.457137 seconds .

========================================================================
Received Import Request.
  Time since last request: 0.000834 seconds.
  path: Assets/Fortress/Prefabs/Fence03.prefab
  artifactKey: Guid(6d1df9628bf618649813d33b88ab19f4) Importer(815301076,1909f56bfc062723c751e8b465ee728b)
Start importing Assets/Fortress/Prefabs/Fence03.prefab using Guid(6d1df9628bf618649813d33b88ab19f4) Importer(815301076,1909f56bfc062723c751e8b465ee728b)  -> (artifact id: 'b1b1e7adc2284447a8cdedc0208aa7f9') in 0.483965 seconds 
  Import took 0.518864 seconds .

========================================================================
Received Import Request.
  Time since last request: 0.000938 seconds.
  path: Assets/Fortress/Prefabs/Fence04.prefab
  artifactKey: Guid(8f9a95ec139a95c4781f7fe5f9d9a19f) Importer(815301076,1909f56bfc062723c751e8b465ee728b)
Start importing Assets/Fortress/Prefabs/Fence04.prefab using Guid(8f9a95ec139a95c4781f7fe5f9d9a19f) Importer(815301076,1909f56bfc062723c751e8b465ee728b)  -> (artifact id: 'd13b71518a0c6cf2d91b0f6e81acb065') in 0.477794 seconds 
  Import took 0.501993 seconds .

========================================================================
Received Import Request.
  Time since last request: 0.000403 seconds.
  path: Assets/Fortress/Prefabs/Fence02.prefab
  artifactKey: Guid(5bdedf6b804c4ed4193ed70d32c4dd14) Importer(815301076,1909f56bfc062723c751e8b465ee728b)
Start importing Assets/Fortress/Prefabs/Fence02.prefab using Guid(5bdedf6b804c4ed4193ed70d32c4dd14) Importer(815301076,1909f56bfc062723c751e8b465ee728b)  -> (artifact id: 'c44b94aa9a5ec964dcfa9a926a2d5e6a') in 0.399347 seconds 
  Import took 0.411567 seconds .

========================================================================
Received Import Request.
  Time since last request: 0.000392 seconds.
  path: Assets/Fortress/Prefabs/Building02.prefab
  artifactKey: Guid(1461b3d078c2bb24e935b94ed7f5fdb4) Importer(815301076,1909f56bfc062723c751e8b465ee728b)
Start importing Assets/Fortress/Prefabs/Building02.prefab using Guid(1461b3d078c2bb24e935b94ed7f5fdb4) Importer(815301076,1909f56bfc062723c751e8b465ee728b)  -> (artifact id: 'cce125b4f3d0b6373a1a1abd1e0b5050') in 0.447245 seconds 
  Import took 0.461974 seconds .

========================================================================
Received Import Request.
  Time since last request: 0.000422 seconds.
  path: Assets/Fortress/Prefabs/Fence06.prefab
  artifactKey: Guid(4fb24ecc99f2a0e4faecb6817b3e34c1) Importer(815301076,1909f56bfc062723c751e8b465ee728b)
Start importing Assets/Fortress/Prefabs/Fence06.prefab using Guid(4fb24ecc99f2a0e4faecb6817b3e34c1) Importer(815301076,1909f56bfc062723c751e8b465ee728b)  -> (artifact id: '2b3762bcf4cf11b6ed75265d411cf331') in 0.404768 seconds 
  Import took 0.418262 seconds .

========================================================================
Received Import Request.
  Time since last request: 0.000643 seconds.
  path: Assets/Fortress/Prefabs/Fence05.prefab
  artifactKey: Guid(19fb13d03b790b2479255540ee690d45) Importer(815301076,1909f56bfc062723c751e8b465ee728b)
Start importing Assets/Fortress/Prefabs/Fence05.prefab using Guid(19fb13d03b790b2479255540ee690d45) Importer(815301076,1909f56bfc062723c751e8b465ee728b)  -> (artifact id: '0ed4ad611ba9dbaa12c0ce447020fbf6') in 0.266517 seconds 
  Import took 0.282758 seconds .

========================================================================
Received Import Request.
  Time since last request: 3.830195 seconds.
  path: Assets/Fortress/Prefabs/Fence07.prefab
  artifactKey: Guid(236b30834fe077044bf58919950ff39a) Importer(815301076,1909f56bfc062723c751e8b465ee728b)
Start importing Assets/Fortress/Prefabs/Fence07.prefab using Guid(236b30834fe077044bf58919950ff39a) Importer(815301076,1909f56bfc062723c751e8b465ee728b)  -> (artifact id: 'eacfcbb1b5a0d21c2d7dc6756004cd5b') in 0.348668 seconds 
  Import took 0.379113 seconds .

========================================================================
Received Import Request.
  Time since last request: 0.989999 seconds.
  path: Assets/Fortress/Prefabs/Fence09.prefab
  artifactKey: Guid(8fbef3c1a5408ff4fa60610e80f280e0) Importer(815301076,1909f56bfc062723c751e8b465ee728b)
Start importing Assets/Fortress/Prefabs/Fence09.prefab using Guid(8fbef3c1a5408ff4fa60610e80f280e0) Importer(815301076,1909f56bfc062723c751e8b465ee728b)  -> (artifact id: 'e3b417deca0dd5b52e63472097310080') in 0.345989 seconds 
  Import took 0.374963 seconds .

========================================================================
Received Import Request.
  Time since last request: 0.000598 seconds.
  path: Assets/Fortress/Prefabs/Fence10.prefab
  artifactKey: Guid(df77e5dd676f88b4ba82b4a0ebfe025c) Importer(815301076,1909f56bfc062723c751e8b465ee728b)
Start importing Assets/Fortress/Prefabs/Fence10.prefab using Guid(df77e5dd676f88b4ba82b4a0ebfe025c) Importer(815301076,1909f56bfc062723c751e8b465ee728b)  -> (artifact id: 'a6b20f9af598bc96e9789cc1072730ed') in 0.370344 seconds 
  Import took 0.390126 seconds .

========================================================================
Received Import Request.
  Time since last request: 0.680871 seconds.
  path: Assets/Fortress/Prefabs/Tower01.prefab
  artifactKey: Guid(102c84d4f61869543a7dbd5d4e736ea9) Importer(815301076,1909f56bfc062723c751e8b465ee728b)
Start importing Assets/Fortress/Prefabs/Tower01.prefab using Guid(102c84d4f61869543a7dbd5d4e736ea9) Importer(815301076,1909f56bfc062723c751e8b465ee728b)  -> (artifact id: 'c714027004e0f833bb82208673c171e4') in 0.504749 seconds 
  Import took 0.522231 seconds .

========================================================================
Received Import Request.
  Time since last request: 0.000788 seconds.
  path: Assets/Fortress/Prefabs/Tower02.prefab
  artifactKey: Guid(9b7c98dce44eeb645b4c0fb4493856c3) Importer(815301076,1909f56bfc062723c751e8b465ee728b)
Start importing Assets/Fortress/Prefabs/Tower02.prefab using Guid(9b7c98dce44eeb645b4c0fb4493856c3) Importer(815301076,1909f56bfc062723c751e8b465ee728b)  -> (artifact id: 'dde077345b782c17714e24b1b0534adb') in 0.447349 seconds 
  Import took 0.465600 seconds .

========================================================================
Received Import Request.
  Time since last request: 607.571495 seconds.
  path: Assets/_TerrainAutoUpgrade
  artifactKey: Guid(2c2897ec3fd1b5e4d9d4915fc5f3d858) Importer(815301076,1909f56bfc062723c751e8b465ee728b)
Start importing Assets/_TerrainAutoUpgrade using Guid(2c2897ec3fd1b5e4d9d4915fc5f3d858) Importer(815301076,1909f56bfc062723c751e8b465ee728b)  -> (artifact id: 'fe743ef8b6a37ffa0e1850cef22c09c4') in 0.013806 seconds 
  Import took 0.044990 seconds .

========================================================================
Received Prepare
Registering precompiled user dll's ...
Registered in 0.087125 seconds.
Begin MonoManager ReloadAssembly
Native extension for WindowsStandalone target not found
Native extension for WebGL target not found
Refreshing native plugins compatible for Editor in 2.63 ms, found 6 plugins.
Preloading 1 native plugins for Editor in 0.26 ms.
Mono: successfully reloaded assembly
- Completed reload, in  4.552 seconds
Domain Reload Profiling:
	ReloadAssembly (4572ms)
		BeginReloadAssembly (1407ms)
			ExecutionOrderSort (1ms)
			DisableScriptedObjects (87ms)
			BackupInstance (0ms)
			ReleaseScriptingObjects (1ms)
			CreateAndSetChildDomain (897ms)
		EndReloadAssembly (2938ms)
			LoadAssemblies (370ms)
			RebuildTransferFunctionScriptingTraits (1ms)
			SetupTypeCache (1092ms)
			ReleaseScriptCaches (4ms)
			RebuildScriptCaches (201ms)
			SetupLoadedEditorAssemblies (1010ms)
				LogAssemblyErrors (0ms)
				InitializePlatformSupportModulesInManaged (19ms)
				SetLoadedEditorAssemblies (2ms)
				RefreshPlugins (3ms)
				BeforeProcessingInitializeOnLoad (249ms)
				ProcessInitializeOnLoadAttributes (702ms)
				ProcessInitializeOnLoadMethodAttributes (18ms)
				AfterProcessingInitializeOnLoad (16ms)
				EditorAssembliesLoaded (1ms)
			ExecutionOrderSort2 (0ms)
			AwakeInstancesAfterBackupRestoration (18ms)
Platform modules already initialized, skipping
Switching build target platform(19) subTarget(0) extendedPlatform(0) -> platform(13) subTarget(524294) extendedPlatform(0)
Shader 'Oculus/OVRMRCameraFrameLit': fallback shader 'Alpha-Diffuse' not found
Refreshing native plugins compatible for Editor in 3.19 ms, found 6 plugins.
Preloading 1 native plugins for Editor in 0.22 ms.
Unloading 3265 Unused Serialized files (Serialized files now loaded: 0)
System memory in use before: 230.5 MB.
System memory in use after: 230.7 MB.

Unloading 38 unused Assets to reduce memory usage. Loaded Objects now: 3858.
Total: 9.371600 ms (FindLiveObjects: 0.789100 ms CreateObjectMapping: 0.395500 ms MarkObjects: 8.070800 ms  DeleteObjects: 0.113100 ms)

AssetImportParameters requested are different than current active one (requested -> active):
  custom:framework-win-MediaFoundation: 216162199b28c13a410421893ffa2e32 -> 
  custom:video-decoder-ogg-theora: a1e56fd34408186e4bbccfd4996cb3dc -> 
  custom:container-muxer-webm: aa71ff27fc2769a1b78a27578f13a17b -> 
  custom:container-demuxer-webm: 4f35f7cbe854078d1ac9338744f61a02 -> 
  custom:container-demuxer-ogg: 62fdf1f143b41e24485cea50d1cbac27 -> 
  custom:video-encoder-webm-vp8: eb34c28f22e8b96e1ab97ce403110664 -> 
  custom:video-decoder-webm-vp8: 9c59270c3fd7afecdb556c50c9e8de78 -> 
  custom:graphics/normal-map-encoding: 01000000000000000000000000000000 -> 02000000000000000000000000000000
  custom:audio-decoder-ogg-vorbis: bf7c407c2cedff20999df2af8eb42d56 -> 
  custom:audio-encoder-webm-vorbis: bf7c407c2cedff20999df2af8eb42d56 -> 
========================================================================
Received Import Request.
  Time since last request: 288.824100 seconds.
  path: Assets/_TerrainAutoUpgrade/layer_Grass01_BigUVd261c09ae55ba1e3.terrainlayer
  artifactKey: Guid(8068ec666f39d374cb63e833b1bb23c6) Importer(815301076,1909f56bfc062723c751e8b465ee728b)
Start importing Assets/_TerrainAutoUpgrade/layer_Grass01_BigUVd261c09ae55ba1e3.terrainlayer using Guid(8068ec666f39d374cb63e833b1bb23c6) Importer(815301076,1909f56bfc062723c751e8b465ee728b)  -> (artifact id: '7ba1ee8b4feebf767f9ed22e0b5cf4a8') in 0.171284 seconds 
  Import took 0.204510 seconds .

========================================================================
Received Import Request.
  Time since last request: 27.527744 seconds.
  path: Assets/ATLAS/23.jpg
  artifactKey: Guid(c2e67f8a6b9220449a9107eb972996d3) Importer(815301076,1909f56bfc062723c751e8b465ee728b)
Start importing Assets/ATLAS/23.jpg using Guid(c2e67f8a6b9220449a9107eb972996d3) Importer(815301076,1909f56bfc062723c751e8b465ee728b)  -> (artifact id: 'ec7f5a2ac9dcd8359973187b7a695c4f') in 0.081425 seconds 
  Import took 0.100320 seconds .

========================================================================
Received Prepare
Shader 'Oculus/OVRMRCameraFrameLit': fallback shader 'Alpha-Diffuse' not found
Refreshing native plugins compatible for Editor in 38.22 ms, found 6 plugins.
Preloading 1 native plugins for Editor in 0.21 ms.
Unloading 35 Unused Serialized files (Serialized files now loaded: 0)
System memory in use before: 167.6 MB.
System memory in use after: 167.9 MB.

Unloading 35 unused Assets to reduce memory usage. Loaded Objects now: 3860.
Total: 17.073400 ms (FindLiveObjects: 1.077800 ms CreateObjectMapping: 0.647300 ms MarkObjects: 15.251900 ms  DeleteObjects: 0.090500 ms)

AssetImportParameters requested are different than current active one (requested -> active):
  custom:framework-win-MediaFoundation: 216162199b28c13a410421893ffa2e32 -> 
  custom:video-decoder-ogg-theora: a1e56fd34408186e4bbccfd4996cb3dc -> 
  custom:container-muxer-webm: aa71ff27fc2769a1b78a27578f13a17b -> 
  custom:container-demuxer-webm: 4f35f7cbe854078d1ac9338744f61a02 -> 
  custom:container-demuxer-ogg: 62fdf1f143b41e24485cea50d1cbac27 -> 
  custom:video-encoder-webm-vp8: eb34c28f22e8b96e1ab97ce403110664 -> 
  custom:video-decoder-webm-vp8: 9c59270c3fd7afecdb556c50c9e8de78 -> 
  custom:audio-decoder-ogg-vorbis: bf7c407c2cedff20999df2af8eb42d56 -> 
  custom:audio-encoder-webm-vorbis: bf7c407c2cedff20999df2af8eb42d56 -> 
========================================================================
Received Prepare
Shader 'Oculus/OVRMRCameraFrameLit': fallback shader 'Alpha-Diffuse' not found
Refreshing native plugins compatible for Editor in 82.69 ms, found 6 plugins.
Preloading 1 native plugins for Editor in 0.23 ms.
Unloading 35 Unused Serialized files (Serialized files now loaded: 0)
System memory in use before: 167.6 MB.
System memory in use after: 167.9 MB.

Unloading 35 unused Assets to reduce memory usage. Loaded Objects now: 3860.
Total: 225.928300 ms (FindLiveObjects: 1.807700 ms CreateObjectMapping: 0.588500 ms MarkObjects: 223.401900 ms  DeleteObjects: 0.125500 ms)

AssetImportParameters requested are different than current active one (requested -> active):
  custom:framework-win-MediaFoundation: 216162199b28c13a410421893ffa2e32 -> 
  custom:video-decoder-ogg-theora: a1e56fd34408186e4bbccfd4996cb3dc -> 
  custom:container-muxer-webm: aa71ff27fc2769a1b78a27578f13a17b -> 
  custom:container-demuxer-webm: 4f35f7cbe854078d1ac9338744f61a02 -> 
  custom:container-demuxer-ogg: 62fdf1f143b41e24485cea50d1cbac27 -> 
  custom:video-encoder-webm-vp8: eb34c28f22e8b96e1ab97ce403110664 -> 
  custom:video-decoder-webm-vp8: 9c59270c3fd7afecdb556c50c9e8de78 -> 
  custom:audio-decoder-ogg-vorbis: bf7c407c2cedff20999df2af8eb42d56 -> 
  custom:audio-encoder-webm-vorbis: bf7c407c2cedff20999df2af8eb42d56 -> 
========================================================================
Received Prepare
Shader 'Oculus/OVRMRCameraFrameLit': fallback shader 'Alpha-Diffuse' not found
Refreshing native plugins compatible for Editor in 35.28 ms, found 6 plugins.
Preloading 1 native plugins for Editor in 0.17 ms.
Unloading 35 Unused Serialized files (Serialized files now loaded: 0)
System memory in use before: 167.6 MB.
System memory in use after: 167.9 MB.

Unloading 35 unused Assets to reduce memory usage. Loaded Objects now: 3860.
Total: 79.436700 ms (FindLiveObjects: 1.450700 ms CreateObjectMapping: 0.381200 ms MarkObjects: 77.327300 ms  DeleteObjects: 0.273700 ms)

AssetImportParameters requested are different than current active one (requested -> active):
  custom:framework-win-MediaFoundation: 216162199b28c13a410421893ffa2e32 -> 
  custom:video-decoder-ogg-theora: a1e56fd34408186e4bbccfd4996cb3dc -> 
  custom:container-muxer-webm: aa71ff27fc2769a1b78a27578f13a17b -> 
  custom:container-demuxer-webm: 4f35f7cbe854078d1ac9338744f61a02 -> 
  custom:container-demuxer-ogg: 62fdf1f143b41e24485cea50d1cbac27 -> 
  custom:video-encoder-webm-vp8: eb34c28f22e8b96e1ab97ce403110664 -> 
  custom:video-decoder-webm-vp8: 9c59270c3fd7afecdb556c50c9e8de78 -> 
  custom:audio-decoder-ogg-vorbis: bf7c407c2cedff20999df2af8eb42d56 -> 
  custom:audio-encoder-webm-vorbis: bf7c407c2cedff20999df2af8eb42d56 -> 
========================================================================
Received Prepare
Shader 'Oculus/OVRMRCameraFrameLit': fallback shader 'Alpha-Diffuse' not found
Refreshing native plugins compatible for Editor in 24.78 ms, found 6 plugins.
Preloading 1 native plugins for Editor in 0.14 ms.
Unloading 35 Unused Serialized files (Serialized files now loaded: 0)
System memory in use before: 167.6 MB.
System memory in use after: 167.9 MB.

Unloading 35 unused Assets to reduce memory usage. Loaded Objects now: 3860.
Total: 148.156500 ms (FindLiveObjects: 1.605600 ms CreateObjectMapping: 0.174000 ms MarkObjects: 146.302900 ms  DeleteObjects: 0.070300 ms)

AssetImportParameters requested are different than current active one (requested -> active):
  custom:framework-win-MediaFoundation: 216162199b28c13a410421893ffa2e32 -> 
  custom:video-decoder-ogg-theora: a1e56fd34408186e4bbccfd4996cb3dc -> 
  custom:container-muxer-webm: aa71ff27fc2769a1b78a27578f13a17b -> 
  custom:container-demuxer-webm: 4f35f7cbe854078d1ac9338744f61a02 -> 
  custom:container-demuxer-ogg: 62fdf1f143b41e24485cea50d1cbac27 -> 
  custom:video-encoder-webm-vp8: eb34c28f22e8b96e1ab97ce403110664 -> 
  custom:video-decoder-webm-vp8: 9c59270c3fd7afecdb556c50c9e8de78 -> 
  custom:audio-decoder-ogg-vorbis: bf7c407c2cedff20999df2af8eb42d56 -> 
  custom:audio-encoder-webm-vorbis: bf7c407c2cedff20999df2af8eb42d56 -> 
========================================================================
Received Prepare
Shader 'Oculus/OVRMRCameraFrameLit': fallback shader 'Alpha-Diffuse' not found
Refreshing native plugins compatible for Editor in 12.78 ms, found 6 plugins.
Preloading 1 native plugins for Editor in 0.14 ms.
Unloading 35 Unused Serialized files (Serialized files now loaded: 0)
System memory in use before: 167.6 MB.
System memory in use after: 167.9 MB.

Unloading 35 unused Assets to reduce memory usage. Loaded Objects now: 3860.
Total: 15.972800 ms (FindLiveObjects: 1.274700 ms CreateObjectMapping: 0.144700 ms MarkObjects: 14.499000 ms  DeleteObjects: 0.052700 ms)

AssetImportParameters requested are different than current active one (requested -> active):
  custom:framework-win-MediaFoundation: 216162199b28c13a410421893ffa2e32 -> 
  custom:video-decoder-ogg-theora: a1e56fd34408186e4bbccfd4996cb3dc -> 
  custom:container-muxer-webm: aa71ff27fc2769a1b78a27578f13a17b -> 
  custom:container-demuxer-webm: 4f35f7cbe854078d1ac9338744f61a02 -> 
  custom:container-demuxer-ogg: 62fdf1f143b41e24485cea50d1cbac27 -> 
  custom:video-encoder-webm-vp8: eb34c28f22e8b96e1ab97ce403110664 -> 
  custom:video-decoder-webm-vp8: 9c59270c3fd7afecdb556c50c9e8de78 -> 
  custom:audio-decoder-ogg-vorbis: bf7c407c2cedff20999df2af8eb42d56 -> 
  custom:audio-encoder-webm-vorbis: bf7c407c2cedff20999df2af8eb42d56 -> 
========================================================================
Received Prepare
Shader 'Oculus/OVRMRCameraFrameLit': fallback shader 'Alpha-Diffuse' not found
Refreshing native plugins compatible for Editor in 12.44 ms, found 6 plugins.
Preloading 1 native plugins for Editor in 0.07 ms.
Unloading 35 Unused Serialized files (Serialized files now loaded: 0)
System memory in use before: 167.7 MB.
System memory in use after: 167.9 MB.

Unloading 35 unused Assets to reduce memory usage. Loaded Objects now: 3860.
Total: 15.327700 ms (FindLiveObjects: 0.498700 ms CreateObjectMapping: 0.246700 ms MarkObjects: 14.544200 ms  DeleteObjects: 0.036100 ms)

AssetImportParameters requested are different than current active one (requested -> active):
  custom:framework-win-MediaFoundation: 216162199b28c13a410421893ffa2e32 -> 
  custom:video-decoder-ogg-theora: a1e56fd34408186e4bbccfd4996cb3dc -> 
  custom:container-muxer-webm: aa71ff27fc2769a1b78a27578f13a17b -> 
  custom:container-demuxer-webm: 4f35f7cbe854078d1ac9338744f61a02 -> 
  custom:container-demuxer-ogg: 62fdf1f143b41e24485cea50d1cbac27 -> 
  custom:video-encoder-webm-vp8: eb34c28f22e8b96e1ab97ce403110664 -> 
  custom:video-decoder-webm-vp8: 9c59270c3fd7afecdb556c50c9e8de78 -> 
  custom:audio-decoder-ogg-vorbis: bf7c407c2cedff20999df2af8eb42d56 -> 
  custom:audio-encoder-webm-vorbis: bf7c407c2cedff20999df2af8eb42d56 -> 
========================================================================
Received Prepare
Shader 'Oculus/OVRMRCameraFrameLit': fallback shader 'Alpha-Diffuse' not found
Refreshing native plugins compatible for Editor in 48.20 ms, found 6 plugins.
Preloading 1 native plugins for Editor in 0.30 ms.
Unloading 35 Unused Serialized files (Serialized files now loaded: 0)
System memory in use before: 167.7 MB.
System memory in use after: 167.9 MB.

Unloading 35 unused Assets to reduce memory usage. Loaded Objects now: 3860.
Total: 70.148600 ms (FindLiveObjects: 2.311200 ms CreateObjectMapping: 0.806700 ms MarkObjects: 66.936200 ms  DeleteObjects: 0.088300 ms)

AssetImportParameters requested are different than current active one (requested -> active):
  custom:framework-win-MediaFoundation: 216162199b28c13a410421893ffa2e32 -> 
  custom:video-decoder-ogg-theora: a1e56fd34408186e4bbccfd4996cb3dc -> 
  custom:container-muxer-webm: aa71ff27fc2769a1b78a27578f13a17b -> 
  custom:container-demuxer-webm: 4f35f7cbe854078d1ac9338744f61a02 -> 
  custom:container-demuxer-ogg: 62fdf1f143b41e24485cea50d1cbac27 -> 
  custom:video-encoder-webm-vp8: eb34c28f22e8b96e1ab97ce403110664 -> 
  custom:video-decoder-webm-vp8: 9c59270c3fd7afecdb556c50c9e8de78 -> 
  custom:audio-decoder-ogg-vorbis: bf7c407c2cedff20999df2af8eb42d56 -> 
  custom:audio-encoder-webm-vorbis: bf7c407c2cedff20999df2af8eb42d56 -> 
========================================================================
Received Prepare
Shader 'Oculus/OVRMRCameraFrameLit': fallback shader 'Alpha-Diffuse' not found
Refreshing native plugins compatible for Editor in 48.09 ms, found 6 plugins.
Preloading 1 native plugins for Editor in 0.25 ms.
Unloading 35 Unused Serialized files (Serialized files now loaded: 0)
System memory in use before: 167.7 MB.
System memory in use after: 167.9 MB.

Unloading 35 unused Assets to reduce memory usage. Loaded Objects now: 3860.
Total: 184.365700 ms (FindLiveObjects: 0.710900 ms CreateObjectMapping: 0.392400 ms MarkObjects: 183.157100 ms  DeleteObjects: 0.097900 ms)

AssetImportParameters requested are different than current active one (requested -> active):
  custom:framework-win-MediaFoundation: 216162199b28c13a410421893ffa2e32 -> 
  custom:video-decoder-ogg-theora: a1e56fd34408186e4bbccfd4996cb3dc -> 
  custom:container-muxer-webm: aa71ff27fc2769a1b78a27578f13a17b -> 
  custom:container-demuxer-webm: 4f35f7cbe854078d1ac9338744f61a02 -> 
  custom:container-demuxer-ogg: 62fdf1f143b41e24485cea50d1cbac27 -> 
  custom:video-encoder-webm-vp8: eb34c28f22e8b96e1ab97ce403110664 -> 
  custom:video-decoder-webm-vp8: 9c59270c3fd7afecdb556c50c9e8de78 -> 
  custom:audio-decoder-ogg-vorbis: bf7c407c2cedff20999df2af8eb42d56 -> 
  custom:audio-encoder-webm-vorbis: bf7c407c2cedff20999df2af8eb42d56 -> 
========================================================================
Received Prepare
Shader 'Oculus/OVRMRCameraFrameLit': fallback shader 'Alpha-Diffuse' not found
Refreshing native plugins compatible for Editor in 27.98 ms, found 6 plugins.
Preloading 1 native plugins for Editor in 0.17 ms.
Unloading 35 Unused Serialized files (Serialized files now loaded: 0)
System memory in use before: 167.7 MB.
System memory in use after: 167.9 MB.

Unloading 35 unused Assets to reduce memory usage. Loaded Objects now: 3860.
Total: 67.480600 ms (FindLiveObjects: 0.690200 ms CreateObjectMapping: 0.423700 ms MarkObjects: 66.301700 ms  DeleteObjects: 0.061400 ms)

AssetImportParameters requested are different than current active one (requested -> active):
  custom:framework-win-MediaFoundation: 216162199b28c13a410421893ffa2e32 -> 
  custom:video-decoder-ogg-theora: a1e56fd34408186e4bbccfd4996cb3dc -> 
  custom:container-muxer-webm: aa71ff27fc2769a1b78a27578f13a17b -> 
  custom:container-demuxer-webm: 4f35f7cbe854078d1ac9338744f61a02 -> 
  custom:container-demuxer-ogg: 62fdf1f143b41e24485cea50d1cbac27 -> 
  custom:video-encoder-webm-vp8: eb34c28f22e8b96e1ab97ce403110664 -> 
  custom:video-decoder-webm-vp8: 9c59270c3fd7afecdb556c50c9e8de78 -> 
  custom:audio-decoder-ogg-vorbis: bf7c407c2cedff20999df2af8eb42d56 -> 
  custom:audio-encoder-webm-vorbis: bf7c407c2cedff20999df2af8eb42d56 -> 
========================================================================
Received Prepare
Shader 'Oculus/OVRMRCameraFrameLit': fallback shader 'Alpha-Diffuse' not found
Refreshing native plugins compatible for Editor in 30.21 ms, found 6 plugins.
Preloading 1 native plugins for Editor in 0.16 ms.
Unloading 35 Unused Serialized files (Serialized files now loaded: 0)
System memory in use before: 167.7 MB.
System memory in use after: 167.9 MB.

Unloading 35 unused Assets to reduce memory usage. Loaded Objects now: 3860.
Total: 57.130700 ms (FindLiveObjects: 0.771600 ms CreateObjectMapping: 0.406400 ms MarkObjects: 55.864000 ms  DeleteObjects: 0.083800 ms)

AssetImportParameters requested are different than current active one (requested -> active):
  custom:framework-win-MediaFoundation: 216162199b28c13a410421893ffa2e32 -> 
  custom:video-decoder-ogg-theora: a1e56fd34408186e4bbccfd4996cb3dc -> 
  custom:container-muxer-webm: aa71ff27fc2769a1b78a27578f13a17b -> 
  custom:container-demuxer-webm: 4f35f7cbe854078d1ac9338744f61a02 -> 
  custom:container-demuxer-ogg: 62fdf1f143b41e24485cea50d1cbac27 -> 
  custom:video-encoder-webm-vp8: eb34c28f22e8b96e1ab97ce403110664 -> 
  custom:video-decoder-webm-vp8: 9c59270c3fd7afecdb556c50c9e8de78 -> 
  custom:audio-decoder-ogg-vorbis: bf7c407c2cedff20999df2af8eb42d56 -> 
  custom:audio-encoder-webm-vorbis: bf7c407c2cedff20999df2af8eb42d56 -> 
========================================================================
Received Prepare
Shader 'Oculus/OVRMRCameraFrameLit': fallback shader 'Alpha-Diffuse' not found
Refreshing native plugins compatible for Editor in 50.11 ms, found 6 plugins.
Preloading 1 native plugins for Editor in 0.54 ms.
Unloading 35 Unused Serialized files (Serialized files now loaded: 0)
System memory in use before: 167.7 MB.
System memory in use after: 167.9 MB.

Unloading 35 unused Assets to reduce memory usage. Loaded Objects now: 3860.
Total: 225.220400 ms (FindLiveObjects: 0.669800 ms CreateObjectMapping: 0.381300 ms MarkObjects: 224.105600 ms  DeleteObjects: 0.060100 ms)

AssetImportParameters requested are different than current active one (requested -> active):
  custom:framework-win-MediaFoundation: 216162199b28c13a410421893ffa2e32 -> 
  custom:video-decoder-ogg-theora: a1e56fd34408186e4bbccfd4996cb3dc -> 
  custom:container-muxer-webm: aa71ff27fc2769a1b78a27578f13a17b -> 
  custom:container-demuxer-webm: 4f35f7cbe854078d1ac9338744f61a02 -> 
  custom:container-demuxer-ogg: 62fdf1f143b41e24485cea50d1cbac27 -> 
  custom:video-encoder-webm-vp8: eb34c28f22e8b96e1ab97ce403110664 -> 
  custom:video-decoder-webm-vp8: 9c59270c3fd7afecdb556c50c9e8de78 -> 
  custom:audio-decoder-ogg-vorbis: bf7c407c2cedff20999df2af8eb42d56 -> 
  custom:audio-encoder-webm-vorbis: bf7c407c2cedff20999df2af8eb42d56 -> 
========================================================================
Received Prepare
Shader 'Oculus/OVRMRCameraFrameLit': fallback shader 'Alpha-Diffuse' not found
Refreshing native plugins compatible for Editor in 25.93 ms, found 6 plugins.
Preloading 1 native plugins for Editor in 0.26 ms.
Unloading 35 Unused Serialized files (Serialized files now loaded: 0)
System memory in use before: 167.7 MB.
System memory in use after: 167.9 MB.

Unloading 35 unused Assets to reduce memory usage. Loaded Objects now: 3860.
Total: 30.309800 ms (FindLiveObjects: 0.825500 ms CreateObjectMapping: 0.183900 ms MarkObjects: 29.259600 ms  DeleteObjects: 0.038700 ms)

AssetImportParameters requested are different than current active one (requested -> active):
  custom:framework-win-MediaFoundation: 216162199b28c13a410421893ffa2e32 -> 
  custom:video-decoder-ogg-theora: a1e56fd34408186e4bbccfd4996cb3dc -> 
  custom:container-muxer-webm: aa71ff27fc2769a1b78a27578f13a17b -> 
  custom:container-demuxer-webm: 4f35f7cbe854078d1ac9338744f61a02 -> 
  custom:container-demuxer-ogg: 62fdf1f143b41e24485cea50d1cbac27 -> 
  custom:video-encoder-webm-vp8: eb34c28f22e8b96e1ab97ce403110664 -> 
  custom:video-decoder-webm-vp8: 9c59270c3fd7afecdb556c50c9e8de78 -> 
  custom:audio-decoder-ogg-vorbis: bf7c407c2cedff20999df2af8eb42d56 -> 
  custom:audio-encoder-webm-vorbis: bf7c407c2cedff20999df2af8eb42d56 -> 
========================================================================
Received Prepare
Shader 'Oculus/OVRMRCameraFrameLit': fallback shader 'Alpha-Diffuse' not found
Refreshing native plugins compatible for Editor in 29.65 ms, found 6 plugins.
Preloading 1 native plugins for Editor in 0.21 ms.
Unloading 35 Unused Serialized files (Serialized files now loaded: 0)
System memory in use before: 167.7 MB.
System memory in use after: 167.9 MB.

Unloading 35 unused Assets to reduce memory usage. Loaded Objects now: 3860.
Total: 39.116500 ms (FindLiveObjects: 0.967100 ms CreateObjectMapping: 0.389900 ms MarkObjects: 37.683500 ms  DeleteObjects: 0.071900 ms)

AssetImportParameters requested are different than current active one (requested -> active):
  custom:framework-win-MediaFoundation: 216162199b28c13a410421893ffa2e32 -> 
  custom:video-decoder-ogg-theora: a1e56fd34408186e4bbccfd4996cb3dc -> 
  custom:container-muxer-webm: aa71ff27fc2769a1b78a27578f13a17b -> 
  custom:container-demuxer-webm: 4f35f7cbe854078d1ac9338744f61a02 -> 
  custom:container-demuxer-ogg: 62fdf1f143b41e24485cea50d1cbac27 -> 
  custom:video-encoder-webm-vp8: eb34c28f22e8b96e1ab97ce403110664 -> 
  custom:video-decoder-webm-vp8: 9c59270c3fd7afecdb556c50c9e8de78 -> 
  custom:audio-decoder-ogg-vorbis: bf7c407c2cedff20999df2af8eb42d56 -> 
  custom:audio-encoder-webm-vorbis: bf7c407c2cedff20999df2af8eb42d56 -> 
========================================================================
Received Prepare
Shader 'Oculus/OVRMRCameraFrameLit': fallback shader 'Alpha-Diffuse' not found
Refreshing native plugins compatible for Editor in 29.78 ms, found 6 plugins.
Preloading 1 native plugins for Editor in 0.18 ms.
Unloading 35 Unused Serialized files (Serialized files now loaded: 0)
System memory in use before: 167.7 MB.
System memory in use after: 167.9 MB.

Unloading 35 unused Assets to reduce memory usage. Loaded Objects now: 3860.
Total: 37.965200 ms (FindLiveObjects: 0.912700 ms CreateObjectMapping: 0.361200 ms MarkObjects: 36.594300 ms  DeleteObjects: 0.092500 ms)

AssetImportParameters requested are different than current active one (requested -> active):
  custom:framework-win-MediaFoundation: 216162199b28c13a410421893ffa2e32 -> 
  custom:video-decoder-ogg-theora: a1e56fd34408186e4bbccfd4996cb3dc -> 
  custom:container-muxer-webm: aa71ff27fc2769a1b78a27578f13a17b -> 
  custom:container-demuxer-webm: 4f35f7cbe854078d1ac9338744f61a02 -> 
  custom:container-demuxer-ogg: 62fdf1f143b41e24485cea50d1cbac27 -> 
  custom:video-encoder-webm-vp8: eb34c28f22e8b96e1ab97ce403110664 -> 
  custom:video-decoder-webm-vp8: 9c59270c3fd7afecdb556c50c9e8de78 -> 
  custom:audio-decoder-ogg-vorbis: bf7c407c2cedff20999df2af8eb42d56 -> 
  custom:audio-encoder-webm-vorbis: bf7c407c2cedff20999df2af8eb42d56 -> 
========================================================================
Received Prepare
Shader 'Oculus/OVRMRCameraFrameLit': fallback shader 'Alpha-Diffuse' not found
Refreshing native plugins compatible for Editor in 29.30 ms, found 6 plugins.
Preloading 1 native plugins for Editor in 0.20 ms.
Unloading 35 Unused Serialized files (Serialized files now loaded: 0)
System memory in use before: 167.7 MB.
System memory in use after: 167.9 MB.

Unloading 35 unused Assets to reduce memory usage. Loaded Objects now: 3860.
Total: 70.524500 ms (FindLiveObjects: 0.915900 ms CreateObjectMapping: 0.381600 ms MarkObjects: 69.133500 ms  DeleteObjects: 0.085600 ms)

AssetImportParameters requested are different than current active one (requested -> active):
  custom:framework-win-MediaFoundation: 216162199b28c13a410421893ffa2e32 -> 
  custom:video-decoder-ogg-theora: a1e56fd34408186e4bbccfd4996cb3dc -> 
  custom:container-muxer-webm: aa71ff27fc2769a1b78a27578f13a17b -> 
  custom:container-demuxer-webm: 4f35f7cbe854078d1ac9338744f61a02 -> 
  custom:container-demuxer-ogg: 62fdf1f143b41e24485cea50d1cbac27 -> 
  custom:video-encoder-webm-vp8: eb34c28f22e8b96e1ab97ce403110664 -> 
  custom:video-decoder-webm-vp8: 9c59270c3fd7afecdb556c50c9e8de78 -> 
  custom:audio-decoder-ogg-vorbis: bf7c407c2cedff20999df2af8eb42d56 -> 
  custom:audio-encoder-webm-vorbis: bf7c407c2cedff20999df2af8eb42d56 -> 
========================================================================
Received Prepare
Shader 'Oculus/OVRMRCameraFrameLit': fallback shader 'Alpha-Diffuse' not found
Refreshing native plugins compatible for Editor in 33.32 ms, found 6 plugins.
Preloading 1 native plugins for Editor in 0.27 ms.
Unloading 35 Unused Serialized files (Serialized files now loaded: 0)
System memory in use before: 167.7 MB.
System memory in use after: 167.9 MB.

Unloading 35 unused Assets to reduce memory usage. Loaded Objects now: 3860.
Total: 170.738400 ms (FindLiveObjects: 2.022300 ms CreateObjectMapping: 0.333800 ms MarkObjects: 168.271500 ms  DeleteObjects: 0.106200 ms)

AssetImportParameters requested are different than current active one (requested -> active):
  custom:framework-win-MediaFoundation: 216162199b28c13a410421893ffa2e32 -> 
  custom:video-decoder-ogg-theora: a1e56fd34408186e4bbccfd4996cb3dc -> 
  custom:container-muxer-webm: aa71ff27fc2769a1b78a27578f13a17b -> 
  custom:container-demuxer-webm: 4f35f7cbe854078d1ac9338744f61a02 -> 
  custom:container-demuxer-ogg: 62fdf1f143b41e24485cea50d1cbac27 -> 
  custom:video-encoder-webm-vp8: eb34c28f22e8b96e1ab97ce403110664 -> 
  custom:video-decoder-webm-vp8: 9c59270c3fd7afecdb556c50c9e8de78 -> 
  custom:audio-decoder-ogg-vorbis: bf7c407c2cedff20999df2af8eb42d56 -> 
  custom:audio-encoder-webm-vorbis: bf7c407c2cedff20999df2af8eb42d56 -> 
========================================================================
Received Prepare
Shader 'Oculus/OVRMRCameraFrameLit': fallback shader 'Alpha-Diffuse' not found
Refreshing native plugins compatible for Editor in 54.39 ms, found 6 plugins.
Preloading 1 native plugins for Editor in 0.23 ms.
Unloading 35 Unused Serialized files (Serialized files now loaded: 0)
System memory in use before: 167.7 MB.
System memory in use after: 167.9 MB.

Unloading 35 unused Assets to reduce memory usage. Loaded Objects now: 3860.
Total: 59.047700 ms (FindLiveObjects: 2.268600 ms CreateObjectMapping: 0.358900 ms MarkObjects: 56.334200 ms  DeleteObjects: 0.081300 ms)

AssetImportParameters requested are different than current active one (requested -> active):
  custom:framework-win-MediaFoundation: 216162199b28c13a410421893ffa2e32 -> 
  custom:video-decoder-ogg-theora: a1e56fd34408186e4bbccfd4996cb3dc -> 
  custom:container-muxer-webm: aa71ff27fc2769a1b78a27578f13a17b -> 
  custom:container-demuxer-webm: 4f35f7cbe854078d1ac9338744f61a02 -> 
  custom:container-demuxer-ogg: 62fdf1f143b41e24485cea50d1cbac27 -> 
  custom:video-encoder-webm-vp8: eb34c28f22e8b96e1ab97ce403110664 -> 
  custom:video-decoder-webm-vp8: 9c59270c3fd7afecdb556c50c9e8de78 -> 
  custom:audio-decoder-ogg-vorbis: bf7c407c2cedff20999df2af8eb42d56 -> 
  custom:audio-encoder-webm-vorbis: bf7c407c2cedff20999df2af8eb42d56 -> 
